0 info it worked if it ends with ok
1 verbose cli [ 'C:\\Program Files\\nodejs\\node.exe',
1 verbose cli   'C:\\Users\\Patrick\\AppData\\Roaming\\npm\\node_modules\\npm\\bin\\npm-cli.js',
1 verbose cli   'run',
1 verbose cli   'start' ]
2 info using npm@3.5.1
3 info using node@v4.4.7
4 verbose run-script [ 'prestart', 'start', 'poststart' ]
5 info lifecycle chaoticbot@0.0.1~prestart: chaoticbot@0.0.1
6 silly lifecycle chaoticbot@0.0.1~prestart: no script for prestart, continuing
7 info lifecycle chaoticbot@0.0.1~start: chaoticbot@0.0.1
8 verbose lifecycle chaoticbot@0.0.1~start: unsafe-perm in lifecycle true
9 verbose lifecycle chaoticbot@0.0.1~start: PATH: C:\Users\Patrick\AppData\Roaming\npm\node_modules\npm\bin\node-gyp-bin;C:\Users\Patrick\Desktop\testlab\chaoticbot2\node_modules\.bin;C:\ProgramData\Oracle\Java\javapath;C:\Python27\;C:\Python27\Scripts;C:\Program Files (x86)\Intel\iCLS Client\;C:\Program Files\Intel\iCLS Client\;C:\WINDOWS\system32;C:\WINDOWS;C:\WINDOWS\System32\Wbem;C:\WINDOWS\System32\WindowsPowerShell\v1.0\;C:\Program Files (x86)\Windows Live\Shared;C:\Program Files\Intel\Intel(R) Management Engine Components\DAL;C:\Program Files\Intel\Intel(R) Management Engine Components\IPT;C:\Program Files (x86)\Intel\Intel(R) Management Engine Components\DAL;C:\Program Files (x86)\Intel\Intel(R) Management Engine Components\IPT;C:\Program Files\Hewlett-Packard\SimplePass\;C:\Program Files\CloudFoundry\;C:\Program Files (x86)\MySQL\MySQL Utilities 1.4.3\;C:\Program Files (x86)\MySQL\MySQL Utilities 1.4.3\Doctrine extensions for PHP\;C:\Program Files\cURL\bin;C:\Program Files (x86)\Git\cmd;C:\Program Files\Intel\WiFi\bin\;C:\Program Files\Common Files\Intel\WirelessCommon\;C:\Program Files\Hugo;C:\Program Files\MongoDB\Server\3.0\bin;C:\WINDOWS\system32\config\systemprofile\.dnx\bin;C:\Program Files\Microsoft DNX\Dnvm\;C:\Program Files (x86)\Windows Kits\8.1\Windows Performance Toolkit\;C:\Program Files (x86)\QuickTime\QTSystem\;C:\Program Files\nodejs\;C:\Program Files\CloudFoundry;c:\Program Files\cURL\;C:\Users\Patrick\AppData\Local\atom\bin;C:\Program Files\Intel\WiFi\bin\;C:\Program Files\Common Files\Intel\WirelessCommon\;C:\Program Files\Hugo\;C:\Program Files\MongoDB\Server\3.0\bin;C:\Program Files (x86)\Nmap;C:\Users\Patrick\AppData\Local\Programs\Git\cmd;C:\Users\Patrick\AppData\Roaming\npm;%USERPROFILE%\AppData\Local\Microsoft\WindowsApps;
10 verbose lifecycle chaoticbot@0.0.1~start: CWD: C:\Users\Patrick\Desktop\testlab\chaoticbot2
11 silly lifecycle chaoticbot@0.0.1~start: Args: [ '/d /s /c', 'node src/server/server' ]
12 silly lifecycle chaoticbot@0.0.1~start: Returned: code: 1  signal: null
13 info lifecycle chaoticbot@0.0.1~start: Failed to exec start script
14 verbose stack Error: chaoticbot@0.0.1 start: `node src/server/server`
14 verbose stack Exit status 1
14 verbose stack     at EventEmitter.<anonymous> (C:\Users\Patrick\AppData\Roaming\npm\node_modules\npm\lib\utils\lifecycle.js:232:16)
14 verbose stack     at emitTwo (events.js:87:13)
14 verbose stack     at EventEmitter.emit (events.js:172:7)
14 verbose stack     at ChildProcess.<anonymous> (C:\Users\Patrick\AppData\Roaming\npm\node_modules\npm\lib\utils\spawn.js:24:14)
14 verbose stack     at emitTwo (events.js:87:13)
14 verbose stack     at ChildProcess.emit (events.js:172:7)
14 verbose stack     at maybeClose (internal/child_process.js:827:16)
14 verbose stack     at Process.ChildProcess._handle.onexit (internal/child_process.js:211:5)
15 verbose pkgid chaoticbot@0.0.1
16 verbose cwd C:\Users\Patrick\Desktop\testlab\chaoticbot2
17 error Windows_NT 10.0.14393
18 error argv "C:\\Program Files\\nodejs\\node.exe" "C:\\Users\\Patrick\\AppData\\Roaming\\npm\\node_modules\\npm\\bin\\npm-cli.js" "run" "start"
19 error node v4.4.7
20 error npm  v3.5.1
21 error code ELIFECYCLE
22 error chaoticbot@0.0.1 start: `node src/server/server`
22 error Exit status 1
23 error Failed at the chaoticbot@0.0.1 start script 'node src/server/server'.
23 error Make sure you have the latest version of node.js and npm installed.
23 error If you do, this is most likely a problem with the chaoticbot package,
23 error not with npm itself.
23 error Tell the author that this fails on your system:
23 error     node src/server/server
23 error You can get information on how to open an issue for this project with:
23 error     npm bugs chaoticbot
23 error Or if that isn't available, you can get their info via:
23 error     npm owner ls chaoticbot
23 error There is likely additional logging output above.
24 verbose exit [ 1, true ]
